This file contains any messages produced by compilers while
running configure, to aid debugging if configure makes a mistake.

It was created by HTSlib configure 1.4, which was
generated by GNU Autoconf 2.69.  Invocation command line was

  $ ./configure --disable-lzma --disable-bz2

## --------- ##
## Platform. ##
## --------- ##

hostname = ukch-dev-lnts13.illumina.com
uname -m = x86_64
uname -r = 2.6.32-504.3.3.el6.x86_64
uname -s = Linux
uname -v = #1 SMP Wed Dec 17 01:55:02 UTC 2014

/usr/bin/uname -p = unknown
/bin/uname -X     = unknown

/bin/arch              = x86_64
/usr/bin/arch -k       = unknown
/usr/convex/getsysinfo = unknown
/usr/bin/hostinfo      = unknown
/bin/machine           = unknown
/usr/bin/oslevel       = unknown
/bin/universe          = unknown

PATH: /home/joconnell/google-cloud-sdk/bin
PATH: /illumina/thirdparty/anaconda2/anaconda2-4.3.1/bin
PATH: /home/joconnell/.local/bin/
PATH: /illumina/sync/software/unofficial/HPCBIOS/20160923/software/Go/1.4.2-GCC-4.8.4/bin
PATH: /illumina/sync/software/unofficial/HPCBIOS/20160923/software/FFTW/3.3.4-gompi-1.7.20/bin
PATH: /illumina/sync/software/unofficial/HPCBIOS/20160923/software/OpenBLAS/0.2.13-GCC-4.8.4-LAPACK-3.5.0/bin
PATH: /illumina/sync/software/unofficial/HPCBIOS/20160923/software/OpenMPI/1.8.4-GCC-4.8.4/bin
PATH: /illumina/sync/software/unofficial/HPCBIOS/20160923/software/hwloc/1.10.1-GCC-4.8.4/bin
PATH: /illumina/sync/software/unofficial/HPCBIOS/20160923/software/numactl/2.0.10-GCC-4.8.4/bin
PATH: /illumina/sync/software/unofficial/HPCBIOS/20160923/software/GCC/4.8.4/bin
PATH: /illumina/sync/software/unofficial/HPCBIOS/20160923/software/Java/1.8.0_92
PATH: /illumina/sync/software/unofficial/HPCBIOS/20160923/software/Java/1.8.0_92/bin
PATH: /usr/local/bin
PATH: /bin
PATH: /usr/bin
PATH: /usr/local/sbin
PATH: /usr/sbin
PATH: /sbin
PATH: /home/joconnell/bin


## ----------- ##
## Core tests. ##
## ----------- ##

configure:2153: checking for gcc
configure:2169: found /illumina/sync/software/unofficial/HPCBIOS/20160923/software/GCC/4.8.4/bin/gcc
configure:2180: result: gcc
configure:2409: checking for C compiler version
configure:2418: gcc --version >&5
gcc (GCC) 4.8.4
Copyright (C) 2013 Free Software Foundation, Inc.
This is free software; see the source for copying conditions.  There is NO
warranty; not even for MERCHANTABILITY or FITNESS FOR A PARTICULAR PURPOSE.

configure:2429: $? = 0
configure:2418: gcc -v >&5
Using built-in specs.
COLLECT_GCC=gcc
COLLECT_LTO_WRAPPER=/illumina/sync/software/unofficial/HPCBIOS/20160923/software/GCC/4.8.4/libexec/gcc/x86_64-unknown-linux-gnu/4.8.4/lto-wrapper
Target: x86_64-unknown-linux-gnu
Configured with: ../configure --enable-languages=c,c++,fortran --enable-lto --enable-checking=release --disable-multilib --enable-shared=yes --enable-static=yes --enable-threads=posix --enable-gold=default --enable-plugins --enable-ld --with-plugin-ld=ld.gold --enable-bootstrap --prefix=/illumina/sync/software/unofficial/HPCBIOS/20160923/software/GCC/4.8.4 --with-local-prefix=/illumina/sync/software/unofficial/HPCBIOS/20160923/software/GCC/4.8.4
Thread model: posix
gcc version 4.8.4 (GCC) 
configure:2429: $? = 0
configure:2418: gcc -V >&5
gcc: error: unrecognized command line option '-V'
gcc: fatal error: no input files
compilation terminated.
configure:2429: $? = 1
configure:2418: gcc -qversion >&5
gcc: error: unrecognized command line option '-qversion'
gcc: fatal error: no input files
compilation terminated.
configure:2429: $? = 1
configure:2449: checking whether the C compiler works
configure:2471: gcc    conftest.c  >&5
configure:2475: $? = 0
configure:2523: result: yes
configure:2526: checking for C compiler default output file name
configure:2528: result: a.out
configure:2534: checking for suffix of executables
configure:2541: gcc -o conftest    conftest.c  >&5
configure:2545: $? = 0
configure:2567: result: 
configure:2589: checking whether we are cross compiling
configure:2597: gcc -o conftest    conftest.c  >&5
configure:2601: $? = 0
configure:2608: ./conftest
configure:2612: $? = 0
configure:2627: result: no
configure:2632: checking for suffix of object files
configure:2654: gcc -c   conftest.c >&5
configure:2658: $? = 0
configure:2679: result: o
configure:2683: checking whether we are using the GNU C compiler
configure:2702: gcc -c   conftest.c >&5
configure:2702: $? = 0
configure:2711: result: yes
configure:2720: checking whether gcc accepts -g
configure:2740: gcc -c -g  conftest.c >&5
configure:2740: $? = 0
configure:2781: result: yes
configure:2798: checking for gcc option to accept ISO C89
configure:2861: gcc  -c -g -O2  conftest.c >&5
configure:2861: $? = 0
configure:2874: result: none needed
configure:2937: checking for ranlib
configure:2953: found /usr/bin/ranlib
configure:2964: result: ranlib
configure:3019: checking for special C compiler options needed for large files
configure:3064: result: no
configure:3070: checking for _FILE_OFFSET_BITS value needed for large files
configure:3095: gcc -c -g -O2  conftest.c >&5
configure:3095: $? = 0
configure:3127: result: no
configure:3273: checking shared library type
configure:3293: result: plain .so
configure:3302: checking how to run the C preprocessor
configure:3333: gcc -E  conftest.c
configure:3333: $? = 0
configure:3347: gcc -E  conftest.c
conftest.c:9:28: fatal error: ac_nonexistent.h: No such file or directory
 #include <ac_nonexistent.h>
                            ^
compilation terminated.
configure:3347: $? = 1
configure: failed program was:
| /* confdefs.h */
| #define PACKAGE_NAME "HTSlib"
| #define PACKAGE_TARNAME "htslib"
| #define PACKAGE_VERSION "1.4"
| #define PACKAGE_STRING "HTSlib 1.4"
| #define PACKAGE_BUGREPORT "samtools-help@lists.sourceforge.net"
| #define PACKAGE_URL "http://www.htslib.org/"
| /* end confdefs.h.  */
| #include <ac_nonexistent.h>
configure:3372: result: gcc -E
configure:3392: gcc -E  conftest.c
configure:3392: $? = 0
configure:3406: gcc -E  conftest.c
conftest.c:9:28: fatal error: ac_nonexistent.h: No such file or directory
 #include <ac_nonexistent.h>
                            ^
compilation terminated.
configure:3406: $? = 1
configure: failed program was:
| /* confdefs.h */
| #define PACKAGE_NAME "HTSlib"
| #define PACKAGE_TARNAME "htslib"
| #define PACKAGE_VERSION "1.4"
| #define PACKAGE_STRING "HTSlib 1.4"
| #define PACKAGE_BUGREPORT "samtools-help@lists.sourceforge.net"
| #define PACKAGE_URL "http://www.htslib.org/"
| /* end confdefs.h.  */
| #include <ac_nonexistent.h>
configure:3435: checking for grep that handles long lines and -e
configure:3493: result: /bin/grep
configure:3498: checking for egrep
configure:3560: result: /bin/grep -E
configure:3565: checking for ANSI C header files
configure:3585: gcc -c -g -O2  conftest.c >&5
configure:3585: $? = 0
configure:3658: gcc -o conftest -g -O2   conftest.c  >&5
configure:3658: $? = 0
configure:3658: ./conftest
configure:3658: $? = 0
configure:3669: result: yes
configure:3682: checking for sys/types.h
configure:3682: gcc -c -g -O2  conftest.c >&5
configure:3682: $? = 0
configure:3682: result: yes
configure:3682: checking for sys/stat.h
configure:3682: gcc -c -g -O2  conftest.c >&5
configure:3682: $? = 0
configure:3682: result: yes
configure:3682: checking for stdlib.h
configure:3682: gcc -c -g -O2  conftest.c >&5
configure:3682: $? = 0
configure:3682: result: yes
configure:3682: checking for string.h
configure:3682: gcc -c -g -O2  conftest.c >&5
configure:3682: $? = 0
configure:3682: result: yes
configure:3682: checking for memory.h
configure:3682: gcc -c -g -O2  conftest.c >&5
configure:3682: $? = 0
configure:3682: result: yes
configure:3682: checking for strings.h
configure:3682: gcc -c -g -O2  conftest.c >&5
configure:3682: $? = 0
configure:3682: result: yes
configure:3682: checking for inttypes.h
configure:3682: gcc -c -g -O2  conftest.c >&5
configure:3682: $? = 0
configure:3682: result: yes
configure:3682: checking for stdint.h
configure:3682: gcc -c -g -O2  conftest.c >&5
configure:3682: $? = 0
configure:3682: result: yes
configure:3682: checking for unistd.h
configure:3682: gcc -c -g -O2  conftest.c >&5
configure:3682: $? = 0
configure:3682: result: yes
configure:3700: checking for stdlib.h
configure:3700: result: yes
configure:3700: checking for unistd.h
configure:3700: result: yes
configure:3700: checking for sys/param.h
configure:3700: gcc -c -g -O2  conftest.c >&5
configure:3700: $? = 0
configure:3700: result: yes
configure:3720: checking for getpagesize
configure:3720: gcc -o conftest -g -O2   conftest.c  >&5
configure:3720: $? = 0
configure:3720: result: yes
configure:3729: checking for working mmap
configure:3876: gcc -o conftest -g -O2   conftest.c  >&5
configure:3876: $? = 0
configure:3876: ./conftest
configure:3876: $? = 0
configure:3886: result: yes
configure:3897: checking for gmtime_r
configure:3897: gcc -o conftest -g -O2   conftest.c  >&5
configure:3897: $? = 0
configure:3897: result: yes
configure:3909: checking whether fdatasync is declared
configure:3909: gcc -c -g -O2  conftest.c >&5
configure:3909: $? = 0
configure:3909: result: yes
configure:3913: checking for fdatasync
configure:3913: gcc -o conftest -g -O2   conftest.c  >&5
configure:3913: $? = 0
configure:3913: result: yes
configure:4004: checking for library containing log
configure:4035: gcc -o conftest -g -O2   conftest.c  >&5
conftest.c:33:6: warning: conflicting types for built-in function 'log' [enabled by default]
 char log ();
      ^
/tmp/ccpU0uJz.o: In function `main':
/home/joconnell/workspace/agg/htslib-1.4/conftest.c:37: undefined reference to `log'
collect2: error: ld returned 1 exit status
configure:4035: $? = 1
configure: failed program was:
| /* confdefs.h */
| #define PACKAGE_NAME "HTSlib"
| #define PACKAGE_TARNAME "htslib"
| #define PACKAGE_VERSION "1.4"
| #define PACKAGE_STRING "HTSlib 1.4"
| #define PACKAGE_BUGREPORT "samtools-help@lists.sourceforge.net"
| #define PACKAGE_URL "http://www.htslib.org/"
| #define STDC_HEADERS 1
| #define HAVE_SYS_TYPES_H 1
| #define HAVE_SYS_STAT_H 1
| #define HAVE_STDLIB_H 1
| #define HAVE_STRING_H 1
| #define HAVE_MEMORY_H 1
| #define HAVE_STRINGS_H 1
| #define HAVE_INTTYPES_H 1
| #define HAVE_STDINT_H 1
| #define HAVE_UNISTD_H 1
| #define HAVE_STDLIB_H 1
| #define HAVE_UNISTD_H 1
| #define HAVE_SYS_PARAM_H 1
| #define HAVE_GETPAGESIZE 1
| #define HAVE_MMAP 1
| #define HAVE_GMTIME_R 1
| #define HAVE_FDATASYNC 1
| /* end confdefs.h.  */
| 
| /* Override any GCC internal prototype to avoid an error.
|    Use char because int might match the return type of a GCC
|    builtin and then its argument prototype would still apply.  */
| #ifdef __cplusplus
| extern "C"
| #endif
| char log ();
| int
| main ()
| {
| return log ();
|   ;
|   return 0;
| }
configure:4035: gcc -o conftest -g -O2   conftest.c -lm   >&5
conftest.c:33:6: warning: conflicting types for built-in function 'log' [enabled by default]
 char log ();
      ^
configure:4035: $? = 0
configure:4052: result: -lm
configure:4067: checking for zlib.h
configure:4067: gcc -c -g -O2  conftest.c >&5
configure:4067: $? = 0
configure:4067: result: yes
configure:4076: checking for inflate in -lz
configure:4101: gcc -o conftest -g -O2   conftest.c -lz  -lm  >&5
configure:4101: $? = 0
configure:4110: result: yes
configure:4294: checking for curl_easy_pause in -lcurl
configure:4319: gcc -o conftest -g -O2   conftest.c -lcurl  -lz -lm  >&5
/usr/bin/ld: cannot find -lcurl
collect2: error: ld returned 1 exit status
configure:4319: $? = 1
configure: failed program was:
| /* confdefs.h */
| #define PACKAGE_NAME "HTSlib"
| #define PACKAGE_TARNAME "htslib"
| #define PACKAGE_VERSION "1.4"
| #define PACKAGE_STRING "HTSlib 1.4"
| #define PACKAGE_BUGREPORT "samtools-help@lists.sourceforge.net"
| #define PACKAGE_URL "http://www.htslib.org/"
| #define STDC_HEADERS 1
| #define HAVE_SYS_TYPES_H 1
| #define HAVE_SYS_STAT_H 1
| #define HAVE_STDLIB_H 1
| #define HAVE_STRING_H 1
| #define HAVE_MEMORY_H 1
| #define HAVE_STRINGS_H 1
| #define HAVE_INTTYPES_H 1
| #define HAVE_STDINT_H 1
| #define HAVE_UNISTD_H 1
| #define HAVE_STDLIB_H 1
| #define HAVE_UNISTD_H 1
| #define HAVE_SYS_PARAM_H 1
| #define HAVE_GETPAGESIZE 1
| #define HAVE_MMAP 1
| #define HAVE_GMTIME_R 1
| #define HAVE_FDATASYNC 1
| #define HAVE_LIBZ 1
| /* end confdefs.h.  */
| 
| /* Override any GCC internal prototype to avoid an error.
|    Use char because int might match the return type of a GCC
|    builtin and then its argument prototype would still apply.  */
| #ifdef __cplusplus
| extern "C"
| #endif
| char curl_easy_pause ();
| int
| main ()
| {
| return curl_easy_pause ();
|   ;
|   return 0;
| }
configure:4328: result: no
configure:4336: checking for curl_easy_init in -lcurl
configure:4361: gcc -o conftest -g -O2   conftest.c -lcurl  -lz -lm  >&5
/usr/bin/ld: cannot find -lcurl
collect2: error: ld returned 1 exit status
configure:4361: $? = 1
configure: failed program was:
| /* confdefs.h */
| #define PACKAGE_NAME "HTSlib"
| #define PACKAGE_TARNAME "htslib"
| #define PACKAGE_VERSION "1.4"
| #define PACKAGE_STRING "HTSlib 1.4"
| #define PACKAGE_BUGREPORT "samtools-help@lists.sourceforge.net"
| #define PACKAGE_URL "http://www.htslib.org/"
| #define STDC_HEADERS 1
| #define HAVE_SYS_TYPES_H 1
| #define HAVE_SYS_STAT_H 1
| #define HAVE_STDLIB_H 1
| #define HAVE_STRING_H 1
| #define HAVE_MEMORY_H 1
| #define HAVE_STRINGS_H 1
| #define HAVE_INTTYPES_H 1
| #define HAVE_STDINT_H 1
| #define HAVE_UNISTD_H 1
| #define HAVE_STDLIB_H 1
| #define HAVE_UNISTD_H 1
| #define HAVE_SYS_PARAM_H 1
| #define HAVE_GETPAGESIZE 1
| #define HAVE_MMAP 1
| #define HAVE_GMTIME_R 1
| #define HAVE_FDATASYNC 1
| #define HAVE_LIBZ 1
| /* end confdefs.h.  */
| 
| /* Override any GCC internal prototype to avoid an error.
|    Use char because int might match the return type of a GCC
|    builtin and then its argument prototype would still apply.  */
| #ifdef __cplusplus
| extern "C"
| #endif
| char curl_easy_init ();
| int
| main ()
| {
| return curl_easy_init ();
|   ;
|   return 0;
| }
configure:4370: result: no
configure:4379: WARNING: libcurl not enabled: library not found
configure:4412: WARNING: GCS support not enabled: requires libcurl support
configure:4431: WARNING: S3 support not enabled: requires libcurl support
configure:4665: creating ./config.status

## ---------------------- ##
## Running config.status. ##
## ---------------------- ##

This file was extended by HTSlib config.status 1.4, which was
generated by GNU Autoconf 2.69.  Invocation command line was

  CONFIG_FILES    = 
  CONFIG_HEADERS  = 
  CONFIG_LINKS    = 
  CONFIG_COMMANDS = 
  $ ./config.status 

on ukch-dev-lnts13.illumina.com

config.status:821: creating config.mk
config.status:821: creating htslib.pc.tmp
config.status:821: creating config.h

## ---------------- ##
## Cache variables. ##
## ---------------- ##

ac_cv_c_compiler_gnu=yes
ac_cv_env_CC_set=
ac_cv_env_CC_value=
ac_cv_env_CFLAGS_set=
ac_cv_env_CFLAGS_value=
ac_cv_env_CPPFLAGS_set=
ac_cv_env_CPPFLAGS_value=
ac_cv_env_CPP_set=
ac_cv_env_CPP_value=
ac_cv_env_LDFLAGS_set=
ac_cv_env_LDFLAGS_value=
ac_cv_env_LIBS_set=
ac_cv_env_LIBS_value=
ac_cv_env_build_alias_set=
ac_cv_env_build_alias_value=
ac_cv_env_host_alias_set=
ac_cv_env_host_alias_value=
ac_cv_env_target_alias_set=
ac_cv_env_target_alias_value=
ac_cv_func_fdatasync=yes
ac_cv_func_getpagesize=yes
ac_cv_func_gmtime_r=yes
ac_cv_func_mmap_fixed_mapped=yes
ac_cv_have_decl_fdatasync_int_=yes
ac_cv_header_inttypes_h=yes
ac_cv_header_memory_h=yes
ac_cv_header_stdc=yes
ac_cv_header_stdint_h=yes
ac_cv_header_stdlib_h=yes
ac_cv_header_string_h=yes
ac_cv_header_strings_h=yes
ac_cv_header_sys_param_h=yes
ac_cv_header_sys_stat_h=yes
ac_cv_header_sys_types_h=yes
ac_cv_header_unistd_h=yes
ac_cv_header_zlib_h=yes
ac_cv_lib_curl_curl_easy_init=no
ac_cv_lib_curl_curl_easy_pause=no
ac_cv_lib_z_inflate=yes
ac_cv_objext=o
ac_cv_path_EGREP='/bin/grep -E'
ac_cv_path_GREP=/bin/grep
ac_cv_prog_CPP='gcc -E'
ac_cv_prog_ac_ct_CC=gcc
ac_cv_prog_ac_ct_RANLIB=ranlib
ac_cv_prog_cc_c89=
ac_cv_prog_cc_g=yes
ac_cv_search_log=-lm
ac_cv_sys_file_offset_bits=no
ac_cv_sys_largefile_CC=no

## ----------------- ##
## Output variables. ##
## ----------------- ##

CC='gcc'
CFLAGS='-g -O2'
CPP='gcc -E'
CPPFLAGS=''
CRYPTO_LIBS=''
DEFS='-DHAVE_CONFIG_H'
ECHO_C=''
ECHO_N='-n'
ECHO_T=''
EGREP='/bin/grep -E'
EXEEXT=''
GREP='/bin/grep'
LDFLAGS=''
LIBOBJS=''
LIBS='-lz -lm '
LTLIBOBJS=''
OBJEXT='o'
PACKAGE_BUGREPORT='samtools-help@lists.sourceforge.net'
PACKAGE_NAME='HTSlib'
PACKAGE_STRING='HTSlib 1.4'
PACKAGE_TARNAME='htslib'
PACKAGE_URL='http://www.htslib.org/'
PACKAGE_VERSION='1.4'
PATH_SEPARATOR=':'
PLATFORM='default'
PLUGIN_EXT='.so'
RANLIB='ranlib'
SHELL='/bin/sh'
ac_ct_CC='gcc'
bindir='${exec_prefix}/bin'
build_alias=''
datadir='${datarootdir}'
datarootdir='${prefix}/share'
docdir='${datarootdir}/doc/${PACKAGE_TARNAME}'
dvidir='${docdir}'
enable_plugins='no'
exec_prefix='${prefix}'
gcs='disabled'
host_alias='unknown-Linux'
htmldir='${docdir}'
includedir='${prefix}/include'
infodir='${datarootdir}/info'
libcurl='disabled'
libdir='${exec_prefix}/lib'
libexecdir='${exec_prefix}/libexec'
localedir='${datarootdir}/locale'
localstatedir='${prefix}/var'
mandir='${datarootdir}/man'
oldincludedir='/usr/include'
pc_requires=''
pdfdir='${docdir}'
plugindir='$(libexecdir)/htslib'
pluginpath='$(libexecdir)/htslib'
prefix='/usr/local'
private_LIBS=''
program_transform_name='s,x,x,'
psdir='${docdir}'
s3='disabled'
sbindir='${exec_prefix}/sbin'
sharedstatedir='${prefix}/com'
static_LDFLAGS=''
static_LIBS='-lz -lm'
sysconfdir='${prefix}/etc'
target_alias=''

## ----------- ##
## confdefs.h. ##
## ----------- ##

/* confdefs.h */
#define PACKAGE_NAME "HTSlib"
#define PACKAGE_TARNAME "htslib"
#define PACKAGE_VERSION "1.4"
#define PACKAGE_STRING "HTSlib 1.4"
#define PACKAGE_BUGREPORT "samtools-help@lists.sourceforge.net"
#define PACKAGE_URL "http://www.htslib.org/"
#define STDC_HEADERS 1
#define HAVE_SYS_TYPES_H 1
#define HAVE_SYS_STAT_H 1
#define HAVE_STDLIB_H 1
#define HAVE_STRING_H 1
#define HAVE_MEMORY_H 1
#define HAVE_STRINGS_H 1
#define HAVE_INTTYPES_H 1
#define HAVE_STDINT_H 1
#define HAVE_UNISTD_H 1
#define HAVE_STDLIB_H 1
#define HAVE_UNISTD_H 1
#define HAVE_SYS_PARAM_H 1
#define HAVE_GETPAGESIZE 1
#define HAVE_MMAP 1
#define HAVE_GMTIME_R 1
#define HAVE_FDATASYNC 1
#define HAVE_LIBZ 1

configure: exit 0
